/home/reverber/gevolution-1.1/./gevolution: error while loading shared libraries: libpsm_infinipath.so.1: cannot open shared object file: No such file or directory
/home/reverber/gevolution-1.1/./gevolution: error while loading shared libraries: libpsm_infinipath.so.1: cannot open shared object file: No such file or directory
/home/reverber/gevolution-1.1/./gevolution: error while loading shared libraries: libpsm_infinipath.so.1: cannot open shared object file: No such file or directory
/home/reverber/gevolution-1.1/./gevolution: error while loading shared libraries: libpsm_infinipath.so.1: cannot open shared object file: No such file or directory
/home/reverber/gevolution-1.1/./gevolution: error while loading shared libraries: libpsm_infinipath.so.1: cannot open shared object file: No such file or directory
/home/reverber/gevolution-1.1/./gevolution: error while loading shared libraries: libpsm_infinipath.so.1: cannot open shared object file: No such file or directory
/home/reverber/gevolution-1.1/./gevolution: error while loading shared libraries: libpsm_infinipath.so.1: cannot open shared object file: No such file or directory
/home/reverber/gevolution-1.1/./gevolution: error while loading shared libraries: libpsm_infinipath.so.1: cannot open shared object file: No such file or directory
/home/reverber/gevolution-1.1/./gevolution: error while loading shared libraries: libpsm_infinipath.so.1: cannot open shared object file: No such file or directory
/home/reverber/gevolution-1.1/./gevolution: error while loading shared libraries: libpsm_infinipath.so.1: cannot open shared object file: No such file or directory
/home/reverber/gevolution-1.1/./gevolution: error while loading shared libraries: libpsm_infinipath.so.1: cannot open shared object file: No such file or directory
/home/reverber/gevolution-1.1/./gevolution: error while loading shared libraries: libpsm_infinipath.so.1: cannot open shared object file: No such file or directory
/home/reverber/gevolution-1.1/./gevolution: error while loading shared libraries: libpsm_infinipath.so.1: cannot open shared object file: No such file or directory
/home/reverber/gevolution-1.1/./gevolution: error while loading shared libraries: libpsm_infinipath.so.1: cannot open shared object file: No such file or directory
/home/reverber/gevolution-1.1/./gevolution: error while loading shared libraries: libpsm_infinipath.so.1: cannot open shared object file: No such file or directory
/home/reverber/gevolution-1.1/./gevolution: error while loading shared libraries: libpsm_infinipath.so.1: cannot open shared object file: No such file or directory
/home/reverber/gevolution-1.1/./gevolution: error while loading shared libraries: libpsm_infinipath.so.1: cannot open shared object file: No such file or directory
/home/reverber/gevolution-1.1/./gevolution: error while loading shared libraries: libpsm_infinipath.so.1: cannot open shared object file: No such file or directory
/home/reverber/gevolution-1.1/./gevolution: error while loading shared libraries: libpsm_infinipath.so.1: cannot open shared object file: No such file or directory
/home/reverber/gevolution-1.1/./gevolution: error while loading shared libraries: libpsm_infinipath.so.1: cannot open shared object file: No such file or directory
/home/reverber/gevolution-1.1/./gevolution: error while loading shared libraries: libpsm_infinipath.so.1: cannot open shared object file: No such file or directory
/home/reverber/gevolution-1.1/./gevolution: error while loading shared libraries: libpsm_infinipath.so.1: cannot open shared object file: No such file or directory
/home/reverber/gevolution-1.1/./gevolution: error while loading shared libraries: libpsm_infinipath.so.1: cannot open shared object file: No such file or directory
/home/reverber/gevolution-1.1/./gevolution: error while loading shared libraries: libpsm_infinipath.so.1: cannot open shared object file: No such file or directory
/home/reverber/gevolution-1.1/./gevolution: error while loading shared libraries: libpsm_infinipath.so.1: cannot open shared object file: No such file or directory
/home/reverber/gevolution-1.1/./gevolution: error while loading shared libraries: libpsm_infinipath.so.1: cannot open shared object file: No such file or directory
/home/reverber/gevolution-1.1/./gevolution: error while loading shared libraries: libpsm_infinipath.so.1: cannot open shared object file: No such file or directory
/home/reverber/gevolution-1.1/./gevolution: error while loading shared libraries: libpsm_infinipath.so.1: cannot open shared object file: No such file or directory
/home/reverber/gevolution-1.1/./gevolution: error while loading shared libraries: libpsm_infinipath.so.1: cannot open shared object file: No such file or directory
/home/reverber/gevolution-1.1/./gevolution: error while loading shared libraries: libpsm_infinipath.so.1: cannot open shared object file: No such file or directory
/home/reverber/gevolution-1.1/./gevolution: error while loading shared libraries: libpsm_infinipath.so.1: cannot open shared object file: No such file or directory
/home/reverber/gevolution-1.1/./gevolution: error while loading shared libraries: libpsm_infinipath.so.1: cannot open shared object file: No such file or directory
srun: error: node073: tasks 4-11: Exited with exit code 127
srun: error: node082: tasks 40-51: Exited with exit code 127
srun: error: node092: tasks 136-147: Exited with exit code 127
srun: First task exited 30s ago
srun: tasks 0-3,12-39,52-135,148-255: running
srun: tasks 4-11,40-51,136-147: exited abnormally
srun: Terminating job step 4977357.0
srun: Job step aborted: Waiting up to 32 seconds for job step to finish.
slurmstepd: error: *** STEP 4977357.0 ON node072 CANCELLED AT 2017-08-05T00:56:39 ***
srun: error: node072: tasks 0-3: Killed
srun: error: node099: tasks 208-219: Killed
srun: error: node098: tasks 196-207: Killed
srun: error: node078: tasks 20-27: Killed
srun: error: node097: tasks 184-195: Killed
srun: error: node150: tasks 244-255: Killed
srun: error: node094: tasks 160-171: Killed
srun: error: node084: tasks 64-75: Killed
srun: error: node129: tasks 232-243: Killed
srun: error: node088: tasks 100-111: Killed
srun: error: node074: tasks 12-19: Killed
srun: error: node083: tasks 52-63: Killed
srun: error: node086: tasks 88-99: Killed
srun: error: node079: tasks 28-39: Killed
srun: error: node089: tasks 112-123: Killed
srun: error: node085: tasks 76-87: Killed
srun: error: node091: tasks 124-135: Killed
srun: error: node093: tasks 148-159: Killed
srun: error: node095: tasks 172-183: Killed
srun: error: node128: tasks 220-231: Killed
