/home/reverber/gevolution-1.1/./gevolution: error while loading shared libraries: libpsm_infinipath.so.1: cannot open shared object file: No such file or directory
/home/reverber/gevolution-1.1/./gevolution: error while loading shared libraries: libpsm_infinipath.so.1: cannot open shared object file: No such file or directory
/home/reverber/gevolution-1.1/./gevolution: error while loading shared libraries: libpsm_infinipath.so.1: cannot open shared object file: No such file or directory
/home/reverber/gevolution-1.1/./gevolution: error while loading shared libraries: libpsm_infinipath.so.1: cannot open shared object file: No such file or directory
/home/reverber/gevolution-1.1/./gevolution: error while loading shared libraries: libpsm_infinipath.so.1: cannot open shared object file: No such file or directory
/home/reverber/gevolution-1.1/./gevolution: error while loading shared libraries: libpsm_infinipath.so.1: cannot open shared object file: No such file or directory
/home/reverber/gevolution-1.1/./gevolution: error while loading shared libraries: libpsm_infinipath.so.1: cannot open shared object file: No such file or directory
/home/reverber/gevolution-1.1/./gevolution: error while loading shared libraries: libpsm_infinipath.so.1: cannot open shared object file: No such file or directory
/home/reverber/gevolution-1.1/./gevolution: error while loading shared libraries: libpsm_infinipath.so.1: cannot open shared object file: No such file or directory
/home/reverber/gevolution-1.1/./gevolution: error while loading shared libraries: libpsm_infinipath.so.1: cannot open shared object file: No such file or directory
/home/reverber/gevolution-1.1/./gevolution: error while loading shared libraries: libpsm_infinipath.so.1: cannot open shared object file: No such file or directory
/home/reverber/gevolution-1.1/./gevolution: error while loading shared libraries: libpsm_infinipath.so.1: cannot open shared object file: No such file or directory
srun: error: node092: tasks 165-176: Exited with exit code 127
/home/reverber/gevolution-1.1/./gevolution: error while loading shared libraries: libpsm_infinipath.so.1: cannot open shared object file: No such file or directory
/home/reverber/gevolution-1.1/./gevolution: error while loading shared libraries: libpsm_infinipath.so.1: cannot open shared object file: No such file or directory
/home/reverber/gevolution-1.1/./gevolution: error while loading shared libraries: libpsm_infinipath.so.1: cannot open shared object file: No such file or directory
/home/reverber/gevolution-1.1/./gevolution: error while loading shared libraries: libpsm_infinipath.so.1: cannot open shared object file: No such file or directory
/home/reverber/gevolution-1.1/./gevolution: error while loading shared libraries: libpsm_infinipath.so.1: cannot open shared object file: No such file or directory
/home/reverber/gevolution-1.1/./gevolution: error while loading shared libraries: libpsm_infinipath.so.1: cannot open shared object file: No such file or directory
/home/reverber/gevolution-1.1/./gevolution: error while loading shared libraries: libpsm_infinipath.so.1: cannot open shared object file: No such file or directory
/home/reverber/gevolution-1.1/./gevolution: error while loading shared libraries: libpsm_infinipath.so.1: cannot open shared object file: No such file or directory
/home/reverber/gevolution-1.1/./gevolution: error while loading shared libraries: libpsm_infinipath.so.1: cannot open shared object file: No such file or directory
/home/reverber/gevolution-1.1/./gevolution: error while loading shared libraries: libpsm_infinipath.so.1: cannot open shared object file: No such file or directory
/home/reverber/gevolution-1.1/./gevolution: error while loading shared libraries: libpsm_infinipath.so.1: cannot open shared object file: No such file or directory
/home/reverber/gevolution-1.1/./gevolution: error while loading shared libraries: libpsm_infinipath.so.1: cannot open shared object file: No such file or directory
/home/reverber/gevolution-1.1/./gevolution: error while loading shared libraries: libpsm_infinipath.so.1: cannot open shared object file: No such file or directory
/home/reverber/gevolution-1.1/./gevolution: error while loading shared libraries: libpsm_infinipath.so.1: cannot open shared object file: No such file or directory
/home/reverber/gevolution-1.1/./gevolution: error while loading shared libraries: libpsm_infinipath.so.1: cannot open shared object file: No such file or directory
/home/reverber/gevolution-1.1/./gevolution: error while loading shared libraries: libpsm_infinipath.so.1: cannot open shared object file: No such file or directory
/home/reverber/gevolution-1.1/./gevolution: error while loading shared libraries: libpsm_infinipath.so.1: cannot open shared object file: No such file or directory
/home/reverber/gevolution-1.1/./gevolution: error while loading shared libraries: libpsm_infinipath.so.1: cannot open shared object file: No such file or directory
srun: error: node073: tasks 34,36-40: Exited with exit code 127
srun: error: node082: tasks 69-80: Exited with exit code 127
/home/reverber/gevolution-1.1/./gevolution: error while loading shared libraries: libpsm_infinipath.so.1: cannot open shared object file: No such file or directory
/home/reverber/gevolution-1.1/./gevolution: error while loading shared libraries: libpsm_infinipath.so.1: cannot open shared object file: No such file or directory
srun: error: node073: tasks 33,35: Exited with exit code 127
srun: First task exited 30s ago
srun: tasks 0-32,41-68,81-164,177-255: running
srun: tasks 33-40,69-80,165-176: exited abnormally
srun: Terminating job step 4977356.0
srun: Job step aborted: Waiting up to 32 seconds for job step to finish.
slurmstepd: error: *** STEP 4977356.0 ON node063 CANCELLED AT 2017-08-05T00:56:06 ***
srun: error: node145: task 243: Killed
srun: error: node064: task 4: Killed
srun: error: node063: tasks 0-3: Killed
srun: error: node072: tasks 29-32: Killed
srun: error: node078: tasks 49-56: Killed
srun: error: node074: tasks 41-48: Killed
srun: error: node098: tasks 225-236: Killed
srun: error: node099: tasks 237-242: Killed
srun: error: node150: tasks 244-255: Killed
srun: error: node079: tasks 57-68: Killed
srun: error: node093: tasks 177-188: Killed
srun: error: node086: tasks 117-128: Killed
srun: error: node089: tasks 141-152: Killed
srun: error: node091: tasks 153-164: Killed
srun: error: node084: tasks 93-104: Killed
srun: error: node094: tasks 189-200: Killed
srun: error: node095: tasks 201-212: Killed
srun: error: node097: tasks 213-224: Killed
srun: error: node088: tasks 129-140: Killed
srun: error: node085: tasks 105-116: Killed
srun: error: node066: tasks 13-28: Killed
srun: error: node083: tasks 81-92: Killed
srun: error: node065: tasks 5-12: Killed
